<?xml version="1.0" encoding="UTF-8"?>
<!-- Generated by org.testng.reporters.JUnitReportReporter -->
<testsuite skipped="0" hostname="LAPTOP-3AFRAOD0" name="sanity.Register" tests="2" failures="0" timestamp="26 Sep 2019 09:31:50 GMT" time="2.271" errors="0">
  <testcase name="failRegisterUser" time="0.489" classname="sanity.Register"/>
  <testcase name="registerUser" time="1.782" classname="sanity.Register"/>
</testsuite> <!-- sanity.Register -->
