<?xml version="1.0" encoding="UTF-8"?>
<!-- Generated by org.testng.reporters.JUnitReportReporter -->
<testsuite skipped="0" hostname="LAPTOP-3AFRAOD0" name="sanity.Register" tests="2" failures="0" timestamp="18 Sep 2019 12:40:22 GMT" time="1.675" errors="0">
  <testcase name="failRegisterUser" time="0.472" classname="sanity.Register"/>
  <testcase name="registerUser" time="1.203" classname="sanity.Register"/>
</testsuite> <!-- sanity.Register -->
